[debug] > Exec(early(addDefaultCommands), None, None)
[debug] > Exec(addDefaultCommands, None, None)
[debug] > Exec(early(initialize), None, None)
[debug] > Exec(initialize, None, None)
[debug] > Exec(boot, None, None)
[debug] > Exec(writeSbtVersion, None, None)
[debug] > Exec(reload, None, None)
[debug] > Exec(sbtStashOnFailure, None, None)
[debug] > Exec(onFailure loadFailed, None, None)
[debug] > Exec(loadp, None, None)
[info] welcome to sbt 1.8.3 (Oracle Corporation Java 18)
[debug]       Load.loadUnit: plugins took 114.228208ms
[debug]       Load.loadUnit: defsScala took 0.137958ms
[debug] [Loading] Scanning directory /Users/ivan/.sbt/1.0/plugins
[debug] [Loading] Found non-root projects 
[debug] [Loading] Done in /Users/ivan/.sbt/1.0/plugins, returning: ()
[debug] deducing auto plugins based on known facts Set(Atom(sbt.plugins.CorePlugin)) and clauses Clauses(Clause(Atom(sbt.plugins.JvmPlugin),Set(Atom(sbt.plugins.IvyPlugin)))
[debug] Clause(Atom(sbt.ScriptedPlugin),Set(Atom(sbt.plugins.JvmPlugin)))
[debug] Clause(Atom(sbt.plugins.SbtPlugin),Set(Atom(sbt.ScriptedPlugin)))
[debug] Clause(Atom(sbt.plugins.SemanticdbPlugin),Set(Atom(sbt.plugins.JvmPlugin)))
[debug] Clause(Atom(sbt.plugins.JUnitXmlReportPlugin),Set(Atom(sbt.plugins.JvmPlugin)))
[debug] Clause(Atom(sbt.plugins.MiniDependencyTreePlugin),Set(Atom(sbt.plugins.JvmPlugin)))
[debug] Clause(Atom(sbt.plugins.CorePlugin),Set(Atom(sbt.plugins.IvyPlugin)))
[debug] Clause(Atom(sbt.plugins.IvyPlugin),Set(Atom(sbt.plugins.JvmPlugin)))
[debug] Clause(Atom(sbt.plugins.JvmPlugin),Set(Atom(sbt.plugins.SemanticdbPlugin)))
[debug] Clause(Atom(sbt.plugins.JvmPlugin),Set(Atom(sbt.plugins.JUnitXmlReportPlugin)))
[debug] Clause(Atom(sbt.plugins.CorePlugin),Set(Atom(sbt.plugins.Giter8TemplatePlugin)))
[debug] Clause(Atom(sbt.plugins.JvmPlugin),Set(Atom(sbt.plugins.MiniDependencyTreePlugin))))
[debug]   :: deduced result: Matched(sbt.plugins.CorePlugin,sbt.plugins.Giter8TemplatePlugin,sbt.plugins.IvyPlugin,sbt.plugins.JvmPlugin,sbt.plugins.MiniDependencyTreePlugin,sbt.plugins.JUnitXmlReportPlugin,sbt.plugins.SemanticdbPlugin)
[debug] Plugins.deducer#function took 6.93125 ms
[debug]           Load.resolveProject(global-plugins) took 94.945667ms
[debug]         Load.loadTransitive: finalizeProject(Project(id global-plugins, base: /Users/ivan/.sbt/1.0/plugins, plugins: List(<none>))) took 289.247917ms
[debug] [Loading] Done in /Users/ivan/.sbt/1.0/plugins, returning: (global-plugins)
[debug]       Load.loadUnit: loadedProjectsRaw took 304.673875ms
[debug]       Load.loadUnit: cleanEvalClasses took 0.108542ms
[debug]     Load.loadUnit(file:/Users/ivan/.sbt/1.0/plugins/, ...) took 424.713667ms
[debug]   Load.apply: load took 895.549583ms
[debug]   Load.apply: resolveProjects took 7.24125ms
[debug]   Load.apply: finalTransforms took 46.439667ms
[debug]   Load.apply: config.delegates took 4.628792ms
[debug]   Load.apply: Def.make(settings)... took 384.773458ms
[debug]   Load.apply: structureIndex took 109.668167ms
[debug]   Load.apply: mkStreams took 3.191917ms
[info] loading global plugins from /Users/ivan/.sbt/1.0/plugins
[debug] Running task... Cancel: Signal, check cycles: false, forcegc: true
[debug] Load.defaultLoad until apply took 5092.461959ms
[debug]           Load.loadUnit: plugins took 16.247166ms
[debug]           Load.loadUnit: defsScala took 0.001417ms
[debug] [Loading] Scanning directory /Users/ivan/Desktop/scripts/Scala2/misis-scala-22-master/lite-bank/fee/project
[debug] [Loading] Found non-root projects 
[debug] [Loading] Done in /Users/ivan/Desktop/scripts/Scala2/misis-scala-22-master/lite-bank/fee/project, returning: ()
[debug] deducing auto plugins based on known facts Set(Atom(sbt.plugins.CorePlugin)) and clauses Clauses(Clause(Atom(sbt.plugins.JvmPlugin),Set(Atom(sbt.plugins.IvyPlugin)))
[debug] Clause(Atom(sbt.ScriptedPlugin),Set(Atom(sbt.plugins.JvmPlugin)))
[debug] Clause(Atom(sbt.plugins.SbtPlugin),Set(Atom(sbt.ScriptedPlugin)))
[debug] Clause(Atom(sbt.plugins.SemanticdbPlugin),Set(Atom(sbt.plugins.JvmPlugin)))
[debug] Clause(Atom(sbt.plugins.JUnitXmlReportPlugin),Set(Atom(sbt.plugins.JvmPlugin)))
[debug] Clause(Atom(sbt.plugins.MiniDependencyTreePlugin),Set(Atom(sbt.plugins.JvmPlugin)))
[debug] Clause(Atom(sbt.plugins.CorePlugin),Set(Atom(sbt.plugins.IvyPlugin)))
[debug] Clause(Atom(sbt.plugins.IvyPlugin),Set(Atom(sbt.plugins.JvmPlugin)))
[debug] Clause(Atom(sbt.plugins.JvmPlugin),Set(Atom(sbt.plugins.SemanticdbPlugin)))
[debug] Clause(Atom(sbt.plugins.JvmPlugin),Set(Atom(sbt.plugins.JUnitXmlReportPlugin)))
[debug] Clause(Atom(sbt.plugins.CorePlugin),Set(Atom(sbt.plugins.Giter8TemplatePlugin)))
[debug] Clause(Atom(sbt.plugins.JvmPlugin),Set(Atom(sbt.plugins.MiniDependencyTreePlugin))))
[debug]   :: deduced result: Matched(sbt.plugins.CorePlugin,sbt.plugins.Giter8TemplatePlugin,sbt.plugins.IvyPlugin,sbt.plugins.JvmPlugin,sbt.plugins.MiniDependencyTreePlugin,sbt.plugins.JUnitXmlReportPlugin,sbt.plugins.SemanticdbPlugin)
[debug] Plugins.deducer#function took 1.504209 ms
[debug]               Load.resolveProject(fee-build) took 0.917833ms
[debug]             Load.loadTransitive: finalizeProject(Project(id fee-build, base: /Users/ivan/Desktop/scripts/Scala2/misis-scala-22-master/lite-bank/fee/project, plugins: List(<none>))) took 2.751083ms
[debug] [Loading] Done in /Users/ivan/Desktop/scripts/Scala2/misis-scala-22-master/lite-bank/fee/project, returning: (fee-build)
[debug]           Load.loadUnit: loadedProjectsRaw took 3.855375ms
[debug]           Load.loadUnit: cleanEvalClasses took 0.006792ms
[debug]         Load.loadUnit(file:/Users/ivan/Desktop/scripts/Scala2/misis-scala-22-master/lite-bank/fee/project/, ...) took 20.576583ms
[debug]       Load.apply: load took 44.866667ms
[debug]       Load.apply: resolveProjects took 0.072584ms
[debug]       Load.apply: finalTransforms took 16.844ms
[debug]       Load.apply: config.delegates took 0.9095ms
[debug]       Load.apply: Def.make(settings)... took 81.813458ms
[debug]       Load.apply: structureIndex took 31.671125ms
[debug]       Load.apply: mkStreams took 0.003833ms
[info] loading project definition from /Users/ivan/Desktop/scripts/Scala2/misis-scala-22-master/lite-bank/fee/project
[debug] Running task... Cancel: Signal, check cycles: false, forcegc: true
[debug]     Load.loadUnit: plugins took 792.58625ms
[debug]     Load.loadUnit: defsScala took 0.001292ms
[debug] [Loading] Scanning directory /Users/ivan/Desktop/scripts/Scala2/misis-scala-22-master/lite-bank/fee
[debug] [Loading] Found non-root projects 
[debug] [Loading] Done in /Users/ivan/Desktop/scripts/Scala2/misis-scala-22-master/lite-bank/fee, returning: ()
[debug] deducing auto plugins based on known facts Set(Atom(sbt.plugins.CorePlugin)) and clauses Clauses(Clause(Atom(sbt.plugins.JvmPlugin),Set(Atom(sbt.plugins.IvyPlugin)))
[debug] Clause(Atom(sbt.ScriptedPlugin),Set(Atom(sbt.plugins.JvmPlugin)))
[debug] Clause(Atom(sbt.plugins.SbtPlugin),Set(Atom(sbt.ScriptedPlugin)))
[debug] Clause(Atom(sbt.plugins.SemanticdbPlugin),Set(Atom(sbt.plugins.JvmPlugin)))
[debug] Clause(Atom(sbt.plugins.JUnitXmlReportPlugin),Set(Atom(sbt.plugins.JvmPlugin)))
[debug] Clause(Atom(sbt.plugins.MiniDependencyTreePlugin),Set(Atom(sbt.plugins.JvmPlugin)))
[debug] Clause(Atom(sbt.plugins.CorePlugin),Set(Atom(sbt.plugins.IvyPlugin)))
[debug] Clause(Atom(sbt.plugins.IvyPlugin),Set(Atom(sbt.plugins.JvmPlugin)))
[debug] Clause(Atom(sbt.plugins.JvmPlugin),Set(Atom(sbt.plugins.SemanticdbPlugin)))
[debug] Clause(Atom(sbt.plugins.JvmPlugin),Set(Atom(sbt.plugins.JUnitXmlReportPlugin)))
[debug] Clause(Atom(sbt.plugins.CorePlugin),Set(Atom(sbt.plugins.Giter8TemplatePlugin)))
[debug] Clause(Atom(sbt.plugins.JvmPlugin),Set(Atom(sbt.plugins.MiniDependencyTreePlugin))))
[debug]   :: deduced result: Matched(sbt.plugins.CorePlugin,sbt.plugins.Giter8TemplatePlugin,sbt.plugins.IvyPlugin,sbt.plugins.JvmPlugin,sbt.plugins.MiniDependencyTreePlugin,sbt.plugins.JUnitXmlReportPlugin,sbt.plugins.SemanticdbPlugin)
[debug] Plugins.deducer#function took 0.663583 ms
[debug]         Load.resolveProject(fee) took 0.666625ms
[debug]       Load.loadTransitive: finalizeProject(Project(id fee, base: /Users/ivan/Desktop/scripts/Scala2/misis-scala-22-master/lite-bank/fee, plugins: List(<none>))) took 1.566625ms
[debug] [Loading] Done in /Users/ivan/Desktop/scripts/Scala2/misis-scala-22-master/lite-bank/fee, returning: (fee)
[debug]     Load.loadUnit: loadedProjectsRaw took 2.257375ms
[debug]     Load.loadUnit: cleanEvalClasses took 0.007ms
[debug]   Load.loadUnit(file:/Users/ivan/Desktop/scripts/Scala2/misis-scala-22-master/lite-bank/fee/, ...) took 795.271375ms
[debug] Load.apply: load took 796.568958ms
[debug] Load.apply: resolveProjects took 0.6355ms
[debug] Load.apply: finalTransforms took 12.250291ms
[debug] Load.apply: config.delegates took 0.219834ms
[debug] Load.apply: Def.make(settings)... took 72.717458ms
[debug] Load.apply: structureIndex took 25.212083ms
[debug] Load.apply: mkStreams took 0.001792ms
[info] set current project to fee (in build file:/Users/ivan/Desktop/scripts/Scala2/misis-scala-22-master/lite-bank/fee/)
[debug] > Exec(sbtPopOnFailure, None, None)
[debug] > Exec(resumeFromFailure, None, None)
[debug] > Exec(notifyUsersAboutShell, None, None)
[debug] > Exec(iflast shell, None, None)
[debug] > Exec(shell, None, None)
[warn] sbt server could not start because there's another instance of sbt running on this build.
[warn] Running multiple instances is unsupported
